column_name                                                                                                                      
--------------------------------------------------------------------------------------------------------------------------------
account_id                                                                                                                       
cc_flag                                                                                                                          
cf_flag                                                                                                                          
curr_id                                                                                                                          
cust_id                                                                                                                          
debet                                                                                                                            
debet_kurs                                                                                                                       
depart_id1                                                                                                                       
depart_id2                                                                                                                       
dk                                                                                                                               
doc_reff                                                                                                                         
flag_dp                                                                                                                          
giro_id                                                                                                                          
group_id                                                                                                                         
inkaso_id                                                                                                                        
journal_urut                                                                                                                     
kas_id                                                                                                                           
ket                                                                                                                              
ket2                                                                                                                             
kredit                                                                                                                           
kredit_kurs                                                                                                                      
modul_id                                                                                                                         
order_reff                                                                                                                       
posting                                                                                                                          
project_id1                                                                                                                      
project_id2                                                                                                                      
rate_rp                                                                                                                          
rekon                                                                                                                            
show_hide                                                                                                                        
site_id                                                                                                                          
tgl                                                                                                                              
urut                                                                                                                             
voucher                                                                                                                          
voucher_manual                                                                                                                   

(34 rows)

Execution time: 0.427 seconds
