voucher         urut        account_id      dr                 kr                 posting modul_id tgl        
-------------------------------------------------------------------------------------------------------------
1012601MEMO0026 1           412-066         57203299.00        0.00               N       GJ       2026-01-31 
1012601MEMO0026 2           158-001         0.00               14300641.00        N       GJ       2026-01-31 
1012601MEMO0026 3           158-301         0.00               36888945.00        N       GJ       2026-01-31 
1012601MEMO0026 4           158-101         0.00               4017696.00         N       GJ       2026-01-31 
1012601MEMO0026 5           158-201         0.00               1996017.00         N       GJ       2026-01-31 
1012602MEMO0020 1           412-066         56075183.00        0.00               N       GJ       2026-02-28 
1012602MEMO0020 2           158-001         0.00               13395442.00        N       GJ       2026-02-28 
1012602MEMO0020 3           158-301         0.00               36666028.00        N       GJ       2026-02-28 
1012602MEMO0020 4           158-101         0.00               4017696.00         N       GJ       2026-02-28 
1012602MEMO0020 5           158-201         0.00               1996017.00         N       GJ       2026-02-28 
1012603MEMO0016 1           412-066         55690604.00        0.00               N       GJ       2026-03-31 
1012603MEMO0016 2           158-001         0.00               13049988.00        N       GJ       2026-03-31 
1012603MEMO0016 3           158-301         0.00               36666028.00        N       GJ       2026-03-31 
1012603MEMO0016 4           158-101         0.00               3978571.00         N       GJ       2026-03-31 
1012603MEMO0016 5           158-201         0.00               1996017.00         N       GJ       2026-03-31 
1012604MEMO0018 1           412-066         55214815.00        0.00               N       GJ       2026-04-30 
1012604MEMO0018 2           158-001         0.00               12574199.00        N       GJ       2026-04-30 
1012604MEMO0018 3           158-301         0.00               36666028.00        N       GJ       2026-04-30 
1012604MEMO0018 4           158-101         0.00               3978571.00         N       GJ       2026-04-30 
1012604MEMO0018 5           158-201         0.00               1996017.00         N       GJ       2026-04-30 

(20 rows)

Execution time: 7.361 seconds
