[2026-06-17 14:18:50] ==================== BATCH START : 62 library ====================
[2026-06-17 14:18:50] PBL DONE: C:\BTV\Apps\administrator.pbl  ->  C:\BTV\debug\source_powerbuilder_11.5\administrator  (OK=82 Fail=0)
[2026-06-17 14:18:50] PBL DONE: C:\BTV\Apps\analisys.pbl  ->  C:\BTV\debug\source_powerbuilder_11.5\analisys  (OK=6 Fail=0)
[2026-06-17 14:18:50] PBL DONE: C:\BTV\Apps\ap_report - Copy.pbl  ->  C:\BTV\debug\source_powerbuilder_11.5\ap_report - Copy  (OK=46 Fail=0)
[2026-06-17 14:18:51] PBL DONE: C:\BTV\Apps\ap_report.pbl  ->  C:\BTV\debug\source_powerbuilder_11.5\ap_report  (OK=49 Fail=0)
[2026-06-17 14:18:51] PBL DONE: C:\BTV\Apps\ap_report_old.pbl  ->  C:\BTV\debug\source_powerbuilder_11.5\ap_report_old  (OK=43 Fail=0)
[2026-06-17 14:18:51] PBL DONE: C:\BTV\Apps\ap_trans.pbl  ->  C:\BTV\debug\source_powerbuilder_11.5\ap_trans  (OK=13 Fail=0)
[2026-06-17 14:18:51] PBL DONE: C:\BTV\Apps\ar_report - Copy (2).pbl  ->  C:\BTV\debug\source_powerbuilder_11.5\ar_report - Copy (2)  (OK=74 Fail=0)
[2026-06-17 14:18:52] PBL DONE: C:\BTV\Apps\ar_report - Copy.pbl  ->  C:\BTV\debug\source_powerbuilder_11.5\ar_report - Copy  (OK=74 Fail=0)
[2026-06-17 14:18:52] PBL DONE: C:\BTV\Apps\ar_report.pbl  ->  C:\BTV\debug\source_powerbuilder_11.5\ar_report  (OK=75 Fail=0)
[2026-06-17 14:18:52] PBL DONE: C:\BTV\Apps\ar_trans.pbl  ->  C:\BTV\debug\source_powerbuilder_11.5\ar_trans  (OK=20 Fail=0)
[2026-06-17 14:18:52] PBL DONE: C:\BTV\Apps\arg.pbl  ->  C:\BTV\debug\source_powerbuilder_11.5\arg  (OK=9 Fail=0)
[2026-06-17 14:18:52] PBL DONE: C:\BTV\Apps\cogs.pbl  ->  C:\BTV\debug\source_powerbuilder_11.5\cogs  (OK=5 Fail=0)
[2026-06-17 14:18:52] PBL DONE: C:\BTV\Apps\controls.pbl  ->  C:\BTV\debug\source_powerbuilder_11.5\controls  (OK=12 Fail=0)
[2026-06-17 14:18:52] PBL DONE: C:\BTV\Apps\cute.pbl  ->  C:\BTV\debug\source_powerbuilder_11.5\cute  (OK=7 Fail=0)
[2026-06-17 14:18:52] PBL DONE: C:\BTV\Apps\dropdownapi.pbl  ->  C:\BTV\debug\source_powerbuilder_11.5\dropdownapi  (OK=5 Fail=0)
[2026-06-17 14:18:52] PBL DONE: C:\BTV\Apps\efaktur.pbl  ->  C:\BTV\debug\source_powerbuilder_11.5\efaktur  (OK=17 Fail=0)
[2026-06-17 14:18:52] PBL DONE: C:\BTV\Apps\ekspedisi.pbl  ->  C:\BTV\debug\source_powerbuilder_11.5\ekspedisi  (OK=18 Fail=0)
[2026-06-17 14:18:52] PBL DONE: C:\BTV\Apps\ekspedisi_report.pbl  ->  C:\BTV\debug\source_powerbuilder_11.5\ekspedisi_report  (OK=9 Fail=0)
[2026-06-17 14:18:52] PBL DONE: C:\BTV\Apps\emailpop3.pbl  ->  C:\BTV\debug\source_powerbuilder_11.5\emailpop3  (OK=15 Fail=0)
[2026-06-17 14:18:52] PBL DONE: C:\BTV\Apps\emailsmtp.pbl  ->  C:\BTV\debug\source_powerbuilder_11.5\emailsmtp  (OK=9 Fail=0)
[2026-06-17 14:18:53] PBL DONE: C:\BTV\Apps\enginering.pbl  ->  C:\BTV\debug\source_powerbuilder_11.5\enginering  (OK=45 Fail=0)
[2026-06-17 14:18:53] PBL DONE: C:\BTV\Apps\excel.pbl  ->  C:\BTV\debug\source_powerbuilder_11.5\excel  (OK=64 Fail=0)
[2026-06-17 14:18:53] PBL DONE: C:\BTV\Apps\financial.pbl  ->  C:\BTV\debug\source_powerbuilder_11.5\financial  (OK=4 Fail=0)
[2026-06-17 14:18:53] PBL DONE: C:\BTV\Apps\frame.pbl  ->  C:\BTV\debug\source_powerbuilder_11.5\frame  (OK=55 Fail=0)
[2026-06-17 14:18:53] PBL DONE: C:\BTV\Apps\function.pbl  ->  C:\BTV\debug\source_powerbuilder_11.5\function  (OK=50 Fail=0)
[2026-06-17 14:18:53] PBL DONE: C:\BTV\Apps\genexcel.pbl  ->  C:\BTV\debug\source_powerbuilder_11.5\genexcel  (OK=65 Fail=0)
[2026-06-17 14:18:54] PBL DONE: C:\BTV\Apps\gl_report.pbl  ->  C:\BTV\debug\source_powerbuilder_11.5\gl_report  (OK=135 Fail=0)
[2026-06-17 14:18:54] PBL DONE: C:\BTV\Apps\gl_trans.pbl  ->  C:\BTV\debug\source_powerbuilder_11.5\gl_trans  (OK=40 Fail=0)
[2026-06-17 14:18:54] PBL DONE: C:\BTV\Apps\icontray.pbl  ->  C:\BTV\debug\source_powerbuilder_11.5\icontray  (OK=5 Fail=0)
[2026-06-17 14:18:54] PBL DONE: C:\BTV\Apps\kasbank_report.pbl  ->  C:\BTV\debug\source_powerbuilder_11.5\kasbank_report  (OK=3 Fail=0)
[2026-06-17 14:18:54] PBL DONE: C:\BTV\Apps\kasbank_trans.pbl  ->  C:\BTV\debug\source_powerbuilder_11.5\kasbank_trans  (OK=54 Fail=0)
[2026-06-17 14:18:54] PBL DONE: C:\BTV\Apps\konsinyasi.pbl  ->  C:\BTV\debug\source_powerbuilder_11.5\konsinyasi  (OK=57 Fail=0)
[2026-06-17 14:18:55] PBL DONE: C:\BTV\Apps\labour.pbl  ->  C:\BTV\debug\source_powerbuilder_11.5\labour  (OK=167 Fail=0)
[2026-06-17 14:18:55] PBL DONE: C:\BTV\Apps\lib - Copy.pbl  ->  C:\BTV\debug\source_powerbuilder_11.5\lib - Copy  (OK=79 Fail=0)
[2026-06-17 14:18:55] PBL DONE: C:\BTV\Apps\lib.pbl  ->  C:\BTV\debug\source_powerbuilder_11.5\lib  (OK=79 Fail=0)
[2026-06-17 14:18:56] PBL DONE: C:\BTV\Apps\lib_.pbl  ->  C:\BTV\debug\source_powerbuilder_11.5\lib_  (OK=80 Fail=0)
[2026-06-17 14:18:56] PBL DONE: C:\BTV\Apps\maintenance.pbl  ->  C:\BTV\debug\source_powerbuilder_11.5\maintenance  (OK=9 Fail=0)
[2026-06-17 14:18:56] PBL DONE: C:\BTV\Apps\master.pbl  ->  C:\BTV\debug\source_powerbuilder_11.5\master  (OK=97 Fail=0)
[2026-06-17 14:18:56] PBL DONE: C:\BTV\Apps\master_report.pbl  ->  C:\BTV\debug\source_powerbuilder_11.5\master_report  (OK=3 Fail=0)
[2026-06-17 14:18:56] PBL DONE: C:\BTV\Apps\material.pbl  ->  C:\BTV\debug\source_powerbuilder_11.5\material  (OK=24 Fail=0)
[2026-06-17 14:18:56] PBL DONE: C:\BTV\Apps\material_report.pbl  ->  C:\BTV\debug\source_powerbuilder_11.5\material_report  (OK=44 Fail=0)
[2026-06-17 14:18:56] PBL DONE: C:\BTV\Apps\objects.pbl  ->  C:\BTV\debug\source_powerbuilder_11.5\objects  (OK=36 Fail=0)
[2026-06-17 14:18:57] PBL DONE: C:\BTV\Apps\packing.pbl  ->  C:\BTV\debug\source_powerbuilder_11.5\packing  (OK=106 Fail=0)
[2026-06-17 14:18:57] PBL DONE: C:\BTV\Apps\param.pbl  ->  C:\BTV\debug\source_powerbuilder_11.5\param  (OK=10 Fail=0)
[2026-06-17 14:18:57] PBL DONE: C:\BTV\Apps\pbchat.pbl  ->  C:\BTV\debug\source_powerbuilder_11.5\pbchat  (OK=7 Fail=0)
[2026-06-17 14:18:57] PBL DONE: C:\BTV\Apps\pipeline.pbl  ->  C:\BTV\debug\source_powerbuilder_11.5\pipeline  (OK=25 Fail=0)
[2026-06-17 14:18:57] PBL DONE: C:\BTV\Apps\pipeline_db.pbl  ->  C:\BTV\debug\source_powerbuilder_11.5\pipeline_db  (OK=192 Fail=0)
[2026-06-17 14:18:58] PBL DONE: C:\BTV\Apps\pivot.pbl  ->  C:\BTV\debug\source_powerbuilder_11.5\pivot  (OK=187 Fail=0)
[2026-06-17 14:18:58] PBL DONE: C:\BTV\Apps\po_report.pbl  ->  C:\BTV\debug\source_powerbuilder_11.5\po_report  (OK=17 Fail=0)
[2026-06-17 14:18:58] PBL DONE: C:\BTV\Apps\po_trans.pbl  ->  C:\BTV\debug\source_powerbuilder_11.5\po_trans  (OK=57 Fail=0)
[2026-06-17 14:18:58] PBL DONE: C:\BTV\Apps\ppic.pbl  ->  C:\BTV\debug\source_powerbuilder_11.5\ppic  (OK=154 Fail=0)
[2026-06-17 14:18:58] PBL DONE: C:\BTV\Apps\quality_control.pbl  ->  C:\BTV\debug\source_powerbuilder_11.5\quality_control  (OK=12 Fail=0)
[2026-06-17 14:18:58] PBL DONE: C:\BTV\Apps\so_report.pbl  ->  C:\BTV\debug\source_powerbuilder_11.5\so_report  (OK=23 Fail=0)
[2026-06-17 14:18:59] PBL DONE: C:\BTV\Apps\so_trans.pbl  ->  C:\BTV\debug\source_powerbuilder_11.5\so_trans  (OK=47 Fail=0)
[2026-06-17 14:18:59] PBL DONE: C:\BTV\Apps\spp.pbl  ->  C:\BTV\debug\source_powerbuilder_11.5\spp  (OK=39 Fail=0)
[2026-06-17 14:18:59] PBL DONE: C:\BTV\Apps\stok.pbl  ->  C:\BTV\debug\source_powerbuilder_11.5\stok  (OK=59 Fail=0)
[2026-06-17 14:18:59] PBL DONE: C:\BTV\Apps\stok_report.pbl  ->  C:\BTV\debug\source_powerbuilder_11.5\stok_report  (OK=38 Fail=0)
[2026-06-17 14:18:59] PBL DONE: C:\BTV\Apps\struktur.pbl  ->  C:\BTV\debug\source_powerbuilder_11.5\struktur  (OK=7 Fail=0)
[2026-06-17 14:19:00] PBL DONE: C:\BTV\Apps\subcon.pbl  ->  C:\BTV\debug\source_powerbuilder_11.5\subcon  (OK=71 Fail=0)
[2026-06-17 14:19:00] PBL DONE: C:\BTV\Apps\transfer_data.pbl  ->  C:\BTV\debug\source_powerbuilder_11.5\transfer_data  (OK=128 Fail=0)
[2026-06-17 14:19:01] PBL DONE: C:\BTV\Apps\warehouse.pbl  ->  C:\BTV\debug\source_powerbuilder_11.5\warehouse  (OK=224 Fail=0)
[2026-06-17 14:19:01] PBL DONE: C:\BTV\Apps\wddo.pbl  ->  C:\BTV\debug\source_powerbuilder_11.5\wddo  (OK=98 Fail=0)
[2026-06-17 14:19:01] ==================== BATCH END  OK=3284  Fail=0 ====================
